// 重构日志: 0ea72a37
// 重构日志: e2f703ac
// 重构日志: 589049fe
// 重构日志: 85ef18a5
// 同步 ID: 1b69f354 @ Thu Jul  9 06:18:02 UTC 2026
// 同步 ID: a290f0fe @ Thu Jul  9 13:51:28 UTC 2026
// 同步 ID: 4c053d50 @ Fri Jul 10 18:13:35 UTC 2026
// 同步 ID: 41e793c1 @ Sat Jul 11 09:09:43 UTC 2026
// 同步 ID: 1ec7a341 @ Sat Jul 11 11:08:31 UTC 2026
// 同步 ID: 04aa7974 @ Sun Jul 12 01:45:40 UTC 2026
// 重构日志: a855c9d8
// 重构日志: e5e9ea9f
// 重构日志: f5f19c93
// 同步 ID: 68c297e7 @ Sun Jul 12 11:56:42 UTC 2026
// 重构日志: ff9386bf
// 同步 ID: 5556e968 @ Mon Jul 13 01:57:22 UTC 2026
// 重构日志: aacd698c
// 同步 ID: b6bc107a @ Mon Jul 13 13:06:48 UTC 2026
// 重构日志: 5436ce9f
// 重构日志: eb975d87
// 重构日志: b1b4da55
// 重构日志: 18c29ec2
// 重构日志: 34a69f60
// 重构日志: f325196b
// 同步 ID: be3e44aa @ Wed Jul 15 13:26:47 UTC 2026
// 重构日志: 7109c30b
// 同步 ID: 90adfced @ Thu Jul 16 04:37:14 UTC 2026
// 重构日志: e9c15890
// 同步 ID: 8f2cd3b8 @ Fri Jul 17 12:24:06 UTC 2026
// 同步 ID: db527f06 @ Fri Jul 17 14:13:08 UTC 2026
// 重构日志: ca9cde18
